e:\leventure\workshop\github\tsgv3\build\tsg_centerserver\tsg_device\tsg_devices.dir\debug\vc143.pdb
e:\leventure\workshop\github\tsgv3\build\tsg_centerserver\tsg_device\tsg_devices.dir\debug\vc143.idb
e:\leventure\workshop\github\tsgv3\build\tsg_centerserver\tsg_device\tsg_devices.dir\debug\tsg_mainserialport.obj
e:\leventure\workshop\github\tsgv3\build\tsg_centerserver\tsg_device\cmakefiles\generate.stamp
e:\leventure\workshop\github\tsgv3\build\tsg_centerserver\tsg_device\debug\tsg_devices.lib
e:\leventure\workshop\github\tsgv3\build\tsg_centerserver\tsg_device\debug\tsg_devices.exp
e:\leventure\workshop\github\tsgv3\build\tsg_centerserver\tsg_device\debug\tsg_devices.pdb
e:\leventure\workshop\github\tsgv3\build\tsg_centerserver\tsg_device\tsg_devices.dir\debug\tsg_devices.tlog\cl.command.1.tlog
e:\leventure\workshop\github\tsgv3\build\tsg_centerserver\tsg_device\tsg_devices.dir\debug\tsg_devices.tlog\cl.items.tlog
e:\leventure\workshop\github\tsgv3\build\tsg_centerserver\tsg_device\tsg_devices.dir\debug\tsg_devices.tlog\cl.read.1.tlog
e:\leventure\workshop\github\tsgv3\build\tsg_centerserver\tsg_device\tsg_devices.dir\debug\tsg_devices.tlog\cl.write.1.tlog
e:\leventure\workshop\github\tsgv3\build\tsg_centerserver\tsg_device\tsg_devices.dir\debug\tsg_devices.tlog\custombuild.command.1.tlog
e:\leventure\workshop\github\tsgv3\build\tsg_centerserver\tsg_device\tsg_devices.dir\debug\tsg_devices.tlog\custombuild.read.1.tlog
e:\leventure\workshop\github\tsgv3\build\tsg_centerserver\tsg_device\tsg_devices.dir\debug\tsg_devices.tlog\custombuild.write.1.tlog
e:\leventure\workshop\github\tsgv3\build\tsg_centerserver\tsg_device\tsg_devices.dir\debug\tsg_devices.tlog\link.7296-cvtres.read.1.tlog
e:\leventure\workshop\github\tsgv3\build\tsg_centerserver\tsg_device\tsg_devices.dir\debug\tsg_devices.tlog\link.7296-cvtres.write.1.tlog
e:\leventure\workshop\github\tsgv3\build\tsg_centerserver\tsg_device\tsg_devices.dir\debug\tsg_devices.tlog\link.7296-rc.read.1.tlog
e:\leventure\workshop\github\tsgv3\build\tsg_centerserver\tsg_device\tsg_devices.dir\debug\tsg_devices.tlog\link.7296-rc.write.1.tlog
e:\leventure\workshop\github\tsgv3\build\tsg_centerserver\tsg_device\tsg_devices.dir\debug\tsg_devices.tlog\link.7296.delete.1.tlog
e:\leventure\workshop\github\tsgv3\build\tsg_centerserver\tsg_device\tsg_devices.dir\debug\tsg_devices.tlog\link.7296.read.1.tlog
e:\leventure\workshop\github\tsgv3\build\tsg_centerserver\tsg_device\tsg_devices.dir\debug\tsg_devices.tlog\link.7296.read.2.tlog
e:\leventure\workshop\github\tsgv3\build\tsg_centerserver\tsg_device\tsg_devices.dir\debug\tsg_devices.tlog\link.7296.read.3.tlog
e:\leventure\workshop\github\tsgv3\build\tsg_centerserver\tsg_device\tsg_devices.dir\debug\tsg_devices.tlog\link.7296.read.4.tlog
e:\leventure\workshop\github\tsgv3\build\tsg_centerserver\tsg_device\tsg_devices.dir\debug\tsg_devices.tlog\link.7296.write.1.tlog
e:\leventure\workshop\github\tsgv3\build\tsg_centerserver\tsg_device\tsg_devices.dir\debug\tsg_devices.tlog\link.command.1.tlog
e:\leventure\workshop\github\tsgv3\build\tsg_centerserver\tsg_device\tsg_devices.dir\debug\tsg_devices.tlog\link.read.1.tlog
e:\leventure\workshop\github\tsgv3\build\tsg_centerserver\tsg_device\tsg_devices.dir\debug\tsg_devices.tlog\link.write.1.tlog
e:\leventure\workshop\github\tsgv3\build\tsg_centerserver\tsg_device\tsg_devices.dir\debug\tsg_devices.tlog\link.write.2u.tlog
