e:\leventure\workshop\github\tsgv3\build\tsg_mainserver\tsg_mainserver.dir\debug\vc143.pdb
e:\leventure\workshop\github\tsgv3\build\tsg_mainserver\tsg_mainserver.dir\debug\vc143.idb
e:\leventure\workshop\github\tsgv3\build\tsg_mainserver\tsg_mainserver.dir\debug\tsg_regediteditor.obj
e:\leventure\workshop\github\tsgv3\build\tsg_mainserver\tsg_mainserver.dir\debug\tsg_netserver.obj
e:\leventure\workshop\github\tsgv3\build\tsg_mainserver\tsg_mainserver.dir\debug\tsg_mainprocess.obj
e:\leventure\workshop\github\tsgv3\build\tsg_mainserver\tsg_mainserver.dir\debug\tsgv3.0.0.obj
e:\leventure\workshop\github\tsgv3\build\tsg_mainserver\tsg_mainserver.dir\debug\mocs_compilation_debug.obj
e:\leventure\workshop\github\tsgv3\build\tsg_mainserver\cmakefiles\generate.stamp
e:\leventure\workshop\github\tsgv3\build\tsg_mainserver\debug\tsg_mainserver.pdb
e:\leventure\workshop\github\tsgv3\build\tsg_mainserver\tsg_mainserver.dir\debug\tsg_mainserver.tlog\cl.command.1.tlog
e:\leventure\workshop\github\tsgv3\build\tsg_mainserver\tsg_mainserver.dir\debug\tsg_mainserver.tlog\cl.read.1.tlog
e:\leventure\workshop\github\tsgv3\build\tsg_mainserver\tsg_mainserver.dir\debug\tsg_mainserver.tlog\cl.write.1.tlog
e:\leventure\workshop\github\tsgv3\build\tsg_mainserver\tsg_mainserver.dir\debug\tsg_mainserver.tlog\custombuild.command.1.tlog
e:\leventure\workshop\github\tsgv3\build\tsg_mainserver\tsg_mainserver.dir\debug\tsg_mainserver.tlog\custombuild.read.1.tlog
e:\leventure\workshop\github\tsgv3\build\tsg_mainserver\tsg_mainserver.dir\debug\tsg_mainserver.tlog\custombuild.write.1.tlog
e:\leventure\workshop\github\tsgv3\build\tsg_mainserver\tsg_mainserver.dir\debug\tsg_mainserver.tlog\link-cvtres.read.1.tlog
e:\leventure\workshop\github\tsgv3\build\tsg_mainserver\tsg_mainserver.dir\debug\tsg_mainserver.tlog\link-cvtres.write.1.tlog
e:\leventure\workshop\github\tsgv3\build\tsg_mainserver\tsg_mainserver.dir\debug\tsg_mainserver.tlog\link-rc.read.1.tlog
e:\leventure\workshop\github\tsgv3\build\tsg_mainserver\tsg_mainserver.dir\debug\tsg_mainserver.tlog\link-rc.write.1.tlog
e:\leventure\workshop\github\tsgv3\build\tsg_mainserver\tsg_mainserver.dir\debug\tsg_mainserver.tlog\link.command.1.tlog
e:\leventure\workshop\github\tsgv3\build\tsg_mainserver\tsg_mainserver.dir\debug\tsg_mainserver.tlog\link.read.1.tlog
e:\leventure\workshop\github\tsgv3\build\tsg_mainserver\tsg_mainserver.dir\debug\tsg_mainserver.tlog\link.read.2.tlog
e:\leventure\workshop\github\tsgv3\build\tsg_mainserver\tsg_mainserver.dir\debug\tsg_mainserver.tlog\link.read.3.tlog
e:\leventure\workshop\github\tsgv3\build\tsg_mainserver\tsg_mainserver.dir\debug\tsg_mainserver.tlog\link.read.4.tlog
e:\leventure\workshop\github\tsgv3\build\tsg_mainserver\tsg_mainserver.dir\debug\tsg_mainserver.tlog\link.read.5.tlog
e:\leventure\workshop\github\tsgv3\build\tsg_mainserver\tsg_mainserver.dir\debug\tsg_mainserver.tlog\link.write.1.tlog
